<html>
<body>
<pre>
<h1>Vision Build Log</h1>
<h2>Project:</h2>
C:\Users\Administrator\Desktop\单片机工程\实控大赛程序\1.uvproj
Project File Date:  04/11/2020

<h2>Output:</h2>
Build target 'Target 1'
compiling 1.c...
1.C(26): error C232: 'defeat': duplicate label
1.C(29): error C141: syntax error near ';'
1.C(29): error C141: syntax error near ')'
Target not created
Build target 'Target 1'
compiling 1.c...
1.C(26): error C232: 'defeat': duplicate label
Target not created
Build target 'Target 1'
compiling 1.c...
1.C(54): warning C291: not every exit path returns a value
linking...
*** WARNING L16: UNCALLED SEGMENT, IGNORED FOR OVERLAY PROCESS
    SEGMENT: ?PR?_DELAY?1
*** WARNING L16: UNCALLED SEGMENT, IGNORED FOR OVERLAY PROCESS
    SEGMENT: ?PR?_HITS?1
Program Size: data=12.0 xdata=0 code=396
creating hex file from "1"...
"1" - 0 Error(s), 3 Warning(s).
Build target 'Target 1'
compiling 1.c...
1.C(63): warning C291: not every exit path returns a value
linking...
*** WARNING L16: UNCALLED SEGMENT, IGNORED FOR OVERLAY PROCESS
    SEGMENT: ?PR?_DELAY?1
*** WARNING L16: UNCALLED SEGMENT, IGNORED FOR OVERLAY PROCESS
    SEGMENT: ?PR?HITFALSE?1
*** WARNING L16: UNCALLED SEGMENT, IGNORED FOR OVERLAY PROCESS
    SEGMENT: ?PR?_HITS?1
Program Size: data=14.0 xdata=0 code=364
creating hex file from "1"...
"1" - 0 Error(s), 4 Warning(s).
Build target 'Target 1'
compiling 1.c...
1.C(53): error C174: return-expression on void-function
Target not created
Build target 'Target 1'
compiling 1.c...
1.C(53): error C174: return-expression on void-function
Target not created
Build target 'Target 1'
compiling 1.c...
1.C(53): error C141: syntax error near 'void'
Target not created
Build target 'Target 1'
compiling 1.c...
1.C(53): error C174: return-expression on void-function
Target not created
Build target 'Target 1'
compiling 1.c...
1.C(54): error C174: return-expression on void-function
Target not created
Build target 'Target 1'
compiling 1.c...
1.C(67): warning C291: not every exit path returns a value
linking...
*** WARNING L16: UNCALLED SEGMENT, IGNORED FOR OVERLAY PROCESS
    SEGMENT: ?PR?_DELAY?1
*** WARNING L16: UNCALLED SEGMENT, IGNORED FOR OVERLAY PROCESS
    SEGMENT: ?PR?HITFALSE?1
Program Size: data=14.0 xdata=0 code=372
creating hex file from "1"...
"1" - 0 Error(s), 3 Warning(s).
